<?xml version="1.0" encoding="UTF-8"?>
<testng-results skipped="0" failed="0" total="1" passed="1">
  <reporter-output>
  </reporter-output>
  <suite name="Default suite" duration-ms="1909" started-at="2019-09-01T09:10:21Z" finished-at="2019-09-01T09:10:23Z">
    <groups>
    </groups>
    <test name="Default test" duration-ms="1909" started-at="2019-09-01T09:10:21Z" finished-at="2019-09-01T09:10:23Z">
      <class name="com.test.TestNg">
        <test-method status="PASS" signature="login(java.lang.String, java.lang.String, java.lang.String, java.lang.String, java.lang.String, java.lang.String, java.lang.String)[pri:0, instance:com.test.TestNg@548a9f61]" name="login" duration-ms="39" started-at="2019-09-01T14:40:23Z" data-provider="res" finished-at="2019-09-01T14:40:23Z">
          <params>
            <param index="0">
              <value>
                <![CDATA[karthi]]>
              </value>
            </param>
            <param index="1">
              <value>
                <![CDATA[D]]>
              </value>
            </param>
            <param index="2">
              <value>
                <![CDATA[kqejrikfe]]>
              </value>
            </param>
            <param index="3">
              <value>
                <![CDATA[k@gmail.com]]>
              </value>
            </param>
            <param index="4">
              <value>
                <![CDATA[9008866734]]>
              </value>
            </param>
            <param index="5">
              <value>
                <![CDATA[12345]]>
              </value>
            </param>
            <param index="6">
              <value>
                <![CDATA[12345]]>
              </value>
            </param>
          </params>
          <reporter-output>
          </reporter-output>
        </test-method> <!-- login -->
      </class> <!-- com.test.TestNg -->
    </test> <!-- Default test -->
  </suite> <!-- Default suite -->
</testng-results>
